<?xml version="1.0" encoding="UTF-8"?>
<testng-results skipped="0" failed="0" ignored="0" total="1" passed="1">
  <reporter-output>
  </reporter-output>
  <suite name="Default suite" duration-ms="41079" started-at="2022-05-19T11:42:11 IST" finished-at="2022-05-19T11:42:52 IST">
    <groups>
    </groups>
    <test name="Default test" duration-ms="41079" started-at="2022-05-19T11:42:11 IST" finished-at="2022-05-19T11:42:52 IST">
      <class name="runner.LoginTestExecution5">
        <test-method status="PASS" signature="createReport()[pri:0, instance:runner.LoginTestExecution5@4abdb505]" name="createReport" is-config="true" duration-ms="227" started-at="2022-05-19T11:42:11 IST" finished-at="2022-05-19T11:42:12 IST">
          <reporter-output>
          </reporter-output>
        </test-method> <!-- createReport -->
        <test-method status="PASS" signature="basePageNavigation()[pri:0, instance:runner.LoginTestExecution5@4abdb505]" name="basePageNavigation" duration-ms="39881" started-at="2022-05-19T11:42:12 IST" finished-at="2022-05-19T11:42:52 IST">
          <reporter-output>
          </reporter-output>
        </test-method> <!-- basePageNavigation -->
        <test-method status="PASS" signature="close()[pri:0, instance:runner.LoginTestExecution5@4abdb505]" name="close" is-config="true" duration-ms="911" started-at="2022-05-19T11:42:52 IST" finished-at="2022-05-19T11:42:52 IST">
          <reporter-output>
          </reporter-output>
        </test-method> <!-- close -->
      </class> <!-- runner.LoginTestExecution5 -->
    </test> <!-- Default test -->
  </suite> <!-- Default suite -->
</testng-results>
