<?xml version="1.0" encoding="UTF-8"?>
<testng-results skipped="0" failed="0" ignored="0" total="1" passed="1">
  <reporter-output>
  </reporter-output>
  <suite name="Default suite" duration-ms="86207" started-at="2022-05-16T22:42:39 IST" finished-at="2022-05-16T22:44:05 IST">
    <groups>
    </groups>
    <test name="Default test" duration-ms="86207" started-at="2022-05-16T22:42:39 IST" finished-at="2022-05-16T22:44:05 IST">
      <class name="runner.TestExecution8">
        <test-method status="PASS" signature="setUp()[pri:0, instance:runner.TestExecution8@4abdb505]" name="setUp" is-config="true" duration-ms="7807" started-at="2022-05-16T22:42:39 IST" finished-at="2022-05-16T22:42:46 IST">
          <reporter-output>
          </reporter-output>
        </test-method> <!-- setUp -->
        <test-method status="PASS" signature="basePageNavigation()[pri:0, instance:runner.TestExecution8@4abdb505]" name="basePageNavigation" duration-ms="77439" started-at="2022-05-16T22:42:46 IST" finished-at="2022-05-16T22:44:04 IST">
          <reporter-output>
          </reporter-output>
        </test-method> <!-- basePageNavigation -->
        <test-method status="FAIL" signature="close()[pri:0, instance:runner.TestExecution8@4abdb505]" name="close" is-config="true" duration-ms="0" started-at="2022-05-16T22:44:04 IST" finished-at="2022-05-16T22:44:04 IST">
          <exception class="java.lang.NullPointerException">
            <full-stacktrace>
              <![CDATA[java.lang.NullPointerException
at utility.ExtentReport.endReport(ExtentReport.java:49)
at utility.BaseClass.close(BaseClass.java:36)
at sun.reflect.NativeMethodAccessorImpl.invoke0(Native Method)
at sun.reflect.NativeMethodAccessorImpl.invoke(NativeMethodAccessorImpl.java:62)
at sun.reflect.DelegatingMethodAccessorImpl.invoke(DelegatingMethodAccessorImpl.java:43)
at java.lang.reflect.Method.invoke(Method.java:498)
at org.testng.internal.MethodInvocationHelper.invokeMethod(MethodInvocationHelper.java:133)
at org.testng.internal.MethodInvocationHelper.invokeMethodConsideringTimeout(MethodInvocationHelper.java:62)
at org.testng.internal.ConfigInvoker.invokeConfigurationMethod(ConfigInvoker.java:385)
at org.testng.internal.ConfigInvoker.invokeConfigurations(ConfigInvoker.java:321)
at org.testng.TestRunner.invokeTestConfigurations(TestRunner.java:637)
at org.testng.TestRunner.afterRun(TestRunner.java:877)
at org.testng.TestRunner.run(TestRunner.java:599)
at org.testng.SuiteRunner.runTest(SuiteRunner.java:377)
at org.testng.SuiteRunner.runSequentially(SuiteRunner.java:371)
at org.testng.SuiteRunner.privateRun(SuiteRunner.java:332)
at org.testng.SuiteRunner.run(SuiteRunner.java:276)
at org.testng.SuiteRunnerWorker.runSuite(SuiteRunnerWorker.java:53)
at org.testng.SuiteRunnerWorker.run(SuiteRunnerWorker.java:96)
at org.testng.TestNG.runSuitesSequentially(TestNG.java:1212)
at org.testng.TestNG.runSuitesLocally(TestNG.java:1134)
at org.testng.TestNG.runSuites(TestNG.java:1063)
at org.testng.TestNG.run(TestNG.java:1031)
at org.testng.remote.AbstractRemoteTestNG.run(AbstractRemoteTestNG.java:115)
at org.testng.remote.RemoteTestNG.initAndRun(RemoteTestNG.java:251)
at org.testng.remote.RemoteTestNG.main(RemoteTestNG.java:77)
]]>
            </full-stacktrace>
          </exception> <!-- java.lang.NullPointerException -->
          <reporter-output>
          </reporter-output>
        </test-method> <!-- close -->
      </class> <!-- runner.TestExecution8 -->
    </test> <!-- Default test -->
  </suite> <!-- Default suite -->
</testng-results>
